

Started GET "/" for 127.0.0.1 at 2015-10-19 16:42:28 +0530
  [1m[36mActiveRecord::SchemaMigration Load (0.1ms)[0m  [1mSELECT `schema_migrations`.* FROM `schema_migrations`[0m
Processing by WelcomeController#index as HTML
  Rendered welcome/index.html.haml within layouts/application (212.6ms)
  [1m[35mUser Load (0.3ms)[0m  SELECT  `users`.* FROM `users` WHERE `users`.`id` = 1  ORDER BY `users`.`id` ASC LIMIT 1
  Rendered layouts/_left_menu.html.haml (4.1ms)
Completed 200 OK in 1456ms (Views: 1414.4ms | ActiveRecord: 1.7ms)


Started GET "/my/path/js/jquery-1.10.2.min.js" for 127.0.0.1 at 2015-10-19 16:42:30 +0530

ActionController::RoutingError (No route matches [GET] "/my/path/js/jquery-1.10.2.min.js"):
  actionpack (4.2.1) lib/action_dispatch/middleware/debug_exceptions.rb:21:in `call'
  web-console (2.2.1) lib/web_console/middleware.rb:39:in `call'
  actionpack (4.2.1) lib/action_dispatch/middleware/show_exceptions.rb:30:in `call'
  railties (4.2.1) lib/rails/rack/logger.rb:38:in `call_app'
  railties (4.2.1) lib/rails/rack/logger.rb:20:in `block in call'
  activesupport (4.2.1) lib/active_support/tagged_logging.rb:68:in `block in tagged'
  activesupport (4.2.1) lib/active_support/tagged_logging.rb:26:in `tagged'
  activesupport (4.2.1) lib/active_support/tagged_logging.rb:68:in `tagged'
  railties (4.2.1) lib/rails/rack/logger.rb:20:in `call'
  actionpack (4.2.1) lib/action_dispatch/middleware/request_id.rb:21:in `call'
  rack (1.6.4) lib/rack/methodoverride.rb:22:in `call'
  rack (1.6.4) lib/rack/runtime.rb:18:in `call'
  activesupport (4.2.1) lib/active_support/cache/strategy/local_cache_middleware.rb:28:in `call'
  actionpack (4.2.1) lib/action_dispatch/middleware/static.rb:113:in `call'
  rack (1.6.4) lib/rack/sendfile.rb:113:in `call'
  railties (4.2.1) lib/rails/engine.rb:518:in `call'
  railties (4.2.1) lib/rails/application.rb:164:in `call'
  rack (1.6.4) lib/rack/lock.rb:17:in `call'
  rack (1.6.4) lib/rack/content_length.rb:15:in `call'
  rack (1.6.4) lib/rack/handler/webrick.rb:88:in `service'
  /home/chetan/.rvm/rubies/ruby-2.2.1/lib/ruby/2.2.0/webrick/httpserver.rb:138:in `service'
  /home/chetan/.rvm/rubies/ruby-2.2.1/lib/ruby/2.2.0/webrick/httpserver.rb:94:in `run'
  /home/chetan/.rvm/rubies/ruby-2.2.1/lib/ruby/2.2.0/webrick/server.rb:294:in `block in start_thread'


  Rendered /home/chetan/.rvm/gems/ruby-2.2.1/gems/actionpack-4.2.1/lib/action_dispatch/middleware/templates/rescues/_trace.html.erb (2.4ms)
  Rendered /home/chetan/.rvm/gems/ruby-2.2.1/gems/actionpack-4.2.1/lib/action_dispatch/middleware/templates/routes/_route.html.erb (3.6ms)
  Rendered /home/chetan/.rvm/gems/ruby-2.2.1/gems/actionpack-4.2.1/lib/action_dispatch/middleware/templates/routes/_table.html.erb (39.3ms)
  Rendered /home/chetan/.rvm/gems/ruby-2.2.1/gems/actionpack-4.2.1/lib/action_dispatch/middleware/templates/rescues/_request_and_response.html.erb (4.6ms)
  Rendered /home/chetan/.rvm/gems/ruby-2.2.1/gems/actionpack-4.2.1/lib/action_dispatch/middleware/templates/rescues/routing_error.html.erb within rescues/layout (88.7ms)
  Rendered /home/chetan/.rvm/gems/ruby-2.2.1/gems/web-console-2.2.1/lib/web_console/templates/_markup.html.erb (0.6ms)
  Rendered /home/chetan/.rvm/gems/ruby-2.2.1/gems/web-console-2.2.1/lib/web_console/templates/_inner_console_markup.html.erb within layouts/inlined_string (0.6ms)
  Rendered /home/chetan/.rvm/gems/ruby-2.2.1/gems/web-console-2.2.1/lib/web_console/templates/_prompt_box_markup.html.erb within layouts/inlined_string (0.3ms)
  Rendered /home/chetan/.rvm/gems/ruby-2.2.1/gems/web-console-2.2.1/lib/web_console/templates/style.css.erb within layouts/inlined_string (0.3ms)
  Rendered /home/chetan/.rvm/gems/ruby-2.2.1/gems/web-console-2.2.1/lib/web_console/templates/console.js.erb within layouts/javascript (22.4ms)
  Rendered /home/chetan/.rvm/gems/ruby-2.2.1/gems/web-console-2.2.1/lib/web_console/templates/main.js.erb within layouts/javascript (0.3ms)
  Rendered /home/chetan/.rvm/gems/ruby-2.2.1/gems/web-console-2.2.1/lib/web_console/templates/error_page.js.erb within layouts/javascript (2.6ms)
  Rendered /home/chetan/.rvm/gems/ruby-2.2.1/gems/web-console-2.2.1/lib/web_console/templates/index.html.erb (46.0ms)


Started GET "/my/path/js/jquery.ui.datepicker.min.js" for 127.0.0.1 at 2015-10-19 16:42:30 +0530

ActionController::RoutingError (No route matches [GET] "/my/path/js/jquery.ui.datepicker.min.js"):
  actionpack (4.2.1) lib/action_dispatch/middleware/debug_exceptions.rb:21:in `call'
  web-console (2.2.1) lib/web_console/middleware.rb:39:in `call'
  actionpack (4.2.1) lib/action_dispatch/middleware/show_exceptions.rb:30:in `call'
  railties (4.2.1) lib/rails/rack/logger.rb:38:in `call_app'
  railties (4.2.1) lib/rails/rack/logger.rb:20:in `block in call'
  activesupport (4.2.1) lib/active_support/tagged_logging.rb:68:in `block in tagged'
  activesupport (4.2.1) lib/active_support/tagged_logging.rb:26:in `tagged'
  activesupport (4.2.1) lib/active_support/tagged_logging.rb:68:in `tagged'
  railties (4.2.1) lib/rails/rack/logger.rb:20:in `call'
  actionpack (4.2.1) lib/action_dispatch/middleware/request_id.rb:21:in `call'
  rack (1.6.4) lib/rack/methodoverride.rb:22:in `call'
  rack (1.6.4) lib/rack/runtime.rb:18:in `call'
  activesupport (4.2.1) lib/active_support/cache/strategy/local_cache_middleware.rb:28:in `call'
  actionpack (4.2.1) lib/action_dispatch/middleware/static.rb:113:in `call'
  rack (1.6.4) lib/rack/sendfile.rb:113:in `call'
  railties (4.2.1) lib/rails/engine.rb:518:in `call'
  railties (4.2.1) lib/rails/application.rb:164:in `call'
  rack (1.6.4) lib/rack/lock.rb:17:in `call'
  rack (1.6.4) lib/rack/content_length.rb:15:in `call'
  rack (1.6.4) lib/rack/handler/webrick.rb:88:in `service'
  /home/chetan/.rvm/rubies/ruby-2.2.1/lib/ruby/2.2.0/webrick/httpserver.rb:138:in `service'
  /home/chetan/.rvm/rubies/ruby-2.2.1/lib/ruby/2.2.0/webrick/httpserver.rb:94:in `run'
  /home/chetan/.rvm/rubies/ruby-2.2.1/lib/ruby/2.2.0/webrick/server.rb:294:in `block in start_thread'


  Rendered /home/chetan/.rvm/gems/ruby-2.2.1/gems/actionpack-4.2.1/lib/action_dispatch/middleware/templates/rescues/_trace.html.erb (3.4ms)
  Rendered /home/chetan/.rvm/gems/ruby-2.2.1/gems/actionpack-4.2.1/lib/action_dispatch/middleware/templates/routes/_route.html.erb (2.8ms)
  Rendered /home/chetan/.rvm/gems/ruby-2.2.1/gems/actionpack-4.2.1/lib/action_dispatch/middleware/templates/routes/_table.html.erb (2.2ms)
  Rendered /home/chetan/.rvm/gems/ruby-2.2.1/gems/actionpack-4.2.1/lib/action_dispatch/middleware/templates/rescues/_request_and_response.html.erb (2.2ms)
  Rendered /home/chetan/.rvm/gems/ruby-2.2.1/gems/actionpack-4.2.1/lib/action_dispatch/middleware/templates/rescues/routing_error.html.erb within rescues/layout (43.0ms)
  Rendered /home/chetan/.rvm/gems/ruby-2.2.1/gems/web-console-2.2.1/lib/web_console/templates/_markup.html.erb (0.6ms)
  Rendered /home/chetan/.rvm/gems/ruby-2.2.1/gems/web-console-2.2.1/lib/web_console/templates/_inner_console_markup.html.erb within layouts/inlined_string (0.4ms)
  Rendered /home/chetan/.rvm/gems/ruby-2.2.1/gems/web-console-2.2.1/lib/web_console/templates/_prompt_box_markup.html.erb within layouts/inlined_string (1.0ms)
  Rendered /home/chetan/.rvm/gems/ruby-2.2.1/gems/web-console-2.2.1/lib/web_console/templates/style.css.erb within layouts/inlined_string (0.5ms)
  Rendered /home/chetan/.rvm/gems/ruby-2.2.1/gems/web-console-2.2.1/lib/web_console/templates/console.js.erb within layouts/javascript (21.6ms)
  Rendered /home/chetan/.rvm/gems/ruby-2.2.1/gems/web-console-2.2.1/lib/web_console/templates/main.js.erb within layouts/javascript (0.4ms)
  Rendered /home/chetan/.rvm/gems/ruby-2.2.1/gems/web-console-2.2.1/lib/web_console/templates/error_page.js.erb within layouts/javascript (0.5ms)
  Rendered /home/chetan/.rvm/gems/ruby-2.2.1/gems/web-console-2.2.1/lib/web_console/templates/index.html.erb (42.4ms)


Started GET "/categories/new" for 127.0.0.1 at 2015-10-19 16:42:39 +0530
Processing by CategoriesController#new as HTML
  [1m[36mUser Load (0.2ms)[0m  [1mSELECT  `users`.* FROM `users` WHERE `users`.`id` = 1  ORDER BY `users`.`id` ASC LIMIT 1[0m
  Rendered categories/_income_form.html.haml (21.6ms)
  Rendered categories/new.html.haml within layouts/application (24.4ms)
  Rendered layouts/_left_menu.html.haml (2.9ms)
Completed 200 OK in 141ms (Views: 102.4ms | ActiveRecord: 1.3ms)


Started GET "/categories?q=expenses" for 127.0.0.1 at 2015-10-19 16:42:47 +0530
Processing by CategoriesController#index as HTML
  Parameters: {"q"=>"expenses"}
  [1m[35mUser Load (0.2ms)[0m  SELECT  `users`.* FROM `users` WHERE `users`.`id` = 1  ORDER BY `users`.`id` ASC LIMIT 1
  [1m[36mCategory Load (0.1ms)[0m  [1mSELECT `categories`.* FROM `categories` WHERE `categories`.`user_id` = 1 AND (Type='Expenses')[0m
  [1m[35m (0.2ms)[0m  SELECT SUM(`categories`.`amount`) FROM `categories` WHERE `categories`.`user_id` = 1 AND (Type='Expenses')
  Rendered categories/index.html.haml within layouts/application (16.5ms)
  Rendered layouts/_left_menu.html.haml (0.5ms)
Completed 200 OK in 85ms (Views: 70.8ms | ActiveRecord: 0.5ms)


Started GET "/categories?q=income" for 127.0.0.1 at 2015-10-19 16:42:51 +0530
Processing by CategoriesController#index as HTML
  Parameters: {"q"=>"income"}
  [1m[36mUser Load (0.1ms)[0m  [1mSELECT  `users`.* FROM `users` WHERE `users`.`id` = 1  ORDER BY `users`.`id` ASC LIMIT 1[0m
  [1m[35mCategory Load (0.1ms)[0m  SELECT `categories`.* FROM `categories` WHERE `categories`.`user_id` = 1 AND (Type='Income')
  [1m[36m (0.1ms)[0m  [1mSELECT SUM(`categories`.`amount`) FROM `categories` WHERE `categories`.`user_id` = 1 AND (Type='Income')[0m
  Rendered categories/index.html.haml within layouts/application (3.4ms)
  Rendered layouts/_left_menu.html.haml (0.5ms)
Completed 200 OK in 64ms (Views: 61.4ms | ActiveRecord: 0.3ms)


Started GET "/categories/new" for 127.0.0.1 at 2015-10-19 16:42:52 +0530
Processing by CategoriesController#new as HTML
  [1m[35mUser Load (0.2ms)[0m  SELECT  `users`.* FROM `users` WHERE `users`.`id` = 1  ORDER BY `users`.`id` ASC LIMIT 1
  Rendered categories/_income_form.html.haml (3.0ms)
  Rendered categories/new.html.haml within layouts/application (4.5ms)
  Rendered layouts/_left_menu.html.haml (0.5ms)
Completed 200 OK in 66ms (Views: 65.6ms | ActiveRecord: 0.2ms)


Started GET "/get_drop_down_options?category_type=Expenses" for 127.0.0.1 at 2015-10-19 16:42:56 +0530
Processing by CategoriesController#get_drop_down_options as */*
  Parameters: {"category_type"=>"Expenses"}
  Rendered text template (0.0ms)
Completed 200 OK in 19ms (Views: 18.6ms | ActiveRecord: 0.0ms)


Started GET "/assets/admin_images/arrow.png" for 127.0.0.1 at 2015-10-19 16:42:59 +0530

ActionController::RoutingError (No route matches [GET] "/assets/admin_images/arrow.png"):
  actionpack (4.2.1) lib/action_dispatch/middleware/debug_exceptions.rb:21:in `call'
  web-console (2.2.1) lib/web_console/middleware.rb:39:in `call'
  actionpack (4.2.1) lib/action_dispatch/middleware/show_exceptions.rb:30:in `call'
  railties (4.2.1) lib/rails/rack/logger.rb:38:in `call_app'
  railties (4.2.1) lib/rails/rack/logger.rb:20:in `block in call'
  activesupport (4.2.1) lib/active_support/tagged_logging.rb:68:in `block in tagged'
  activesupport (4.2.1) lib/active_support/tagged_logging.rb:26:in `tagged'
  activesupport (4.2.1) lib/active_support/tagged_logging.rb:68:in `tagged'
  railties (4.2.1) lib/rails/rack/logger.rb:20:in `call'
  actionpack (4.2.1) lib/action_dispatch/middleware/request_id.rb:21:in `call'
  rack (1.6.4) lib/rack/methodoverride.rb:22:in `call'
  rack (1.6.4) lib/rack/runtime.rb:18:in `call'
  activesupport (4.2.1) lib/active_support/cache/strategy/local_cache_middleware.rb:28:in `call'
  actionpack (4.2.1) lib/action_dispatch/middleware/static.rb:113:in `call'
  rack (1.6.4) lib/rack/sendfile.rb:113:in `call'
  railties (4.2.1) lib/rails/engine.rb:518:in `call'
  railties (4.2.1) lib/rails/application.rb:164:in `call'
  rack (1.6.4) lib/rack/lock.rb:17:in `call'
  rack (1.6.4) lib/rack/content_length.rb:15:in `call'
  rack (1.6.4) lib/rack/handler/webrick.rb:88:in `service'
  /home/chetan/.rvm/rubies/ruby-2.2.1/lib/ruby/2.2.0/webrick/httpserver.rb:138:in `service'
  /home/chetan/.rvm/rubies/ruby-2.2.1/lib/ruby/2.2.0/webrick/httpserver.rb:94:in `run'
  /home/chetan/.rvm/rubies/ruby-2.2.1/lib/ruby/2.2.0/webrick/server.rb:294:in `block in start_thread'


  Rendered /home/chetan/.rvm/gems/ruby-2.2.1/gems/actionpack-4.2.1/lib/action_dispatch/middleware/templates/rescues/_trace.html.erb (1.8ms)
  Rendered /home/chetan/.rvm/gems/ruby-2.2.1/gems/actionpack-4.2.1/lib/action_dispatch/middleware/templates/routes/_route.html.erb (2.6ms)
  Rendered /home/chetan/.rvm/gems/ruby-2.2.1/gems/actionpack-4.2.1/lib/action_dispatch/middleware/templates/routes/_table.html.erb (1.7ms)
  Rendered /home/chetan/.rvm/gems/ruby-2.2.1/gems/actionpack-4.2.1/lib/action_dispatch/middleware/templates/rescues/_request_and_response.html.erb (1.5ms)
  Rendered /home/chetan/.rvm/gems/ruby-2.2.1/gems/actionpack-4.2.1/lib/action_dispatch/middleware/templates/rescues/routing_error.html.erb within rescues/layout (39.8ms)
  Rendered /home/chetan/.rvm/gems/ruby-2.2.1/gems/web-console-2.2.1/lib/web_console/templates/_markup.html.erb (0.7ms)
  Rendered /home/chetan/.rvm/gems/ruby-2.2.1/gems/web-console-2.2.1/lib/web_console/templates/_inner_console_markup.html.erb within layouts/inlined_string (0.4ms)
  Rendered /home/chetan/.rvm/gems/ruby-2.2.1/gems/web-console-2.2.1/lib/web_console/templates/_prompt_box_markup.html.erb within layouts/inlined_string (0.4ms)
  Rendered /home/chetan/.rvm/gems/ruby-2.2.1/gems/web-console-2.2.1/lib/web_console/templates/style.css.erb within layouts/inlined_string (1.2ms)
  Rendered /home/chetan/.rvm/gems/ruby-2.2.1/gems/web-console-2.2.1/lib/web_console/templates/console.js.erb within layouts/javascript (22.6ms)
  Rendered /home/chetan/.rvm/gems/ruby-2.2.1/gems/web-console-2.2.1/lib/web_console/templates/main.js.erb within layouts/javascript (0.4ms)
  Rendered /home/chetan/.rvm/gems/ruby-2.2.1/gems/web-console-2.2.1/lib/web_console/templates/error_page.js.erb within layouts/javascript (0.8ms)
  Rendered /home/chetan/.rvm/gems/ruby-2.2.1/gems/web-console-2.2.1/lib/web_console/templates/index.html.erb (46.2ms)


Started POST "/categories" for 127.0.0.1 at 2015-10-19 16:43:06 +0530
Processing by CategoriesController#create as HTML
  Parameters: {"utf8"=>"✓", "authenticity_token"=>"RUg0A/w0HMckVe9xxvgk872BvbGOBXQIcTIr7JUtklnSyPAqtldhvhUTRHiCCqMeAxgcIoleVILKYS/BIjN+6A==", "category"=>{"user_id"=>"1", "type"=>"Expenses", "source"=>"Groceries", "entry_date"=>"10/13/2015", "description"=>"", "amount"=>"3000"}, "commit"=>"Submit"}
  [1m[36m (0.2ms)[0m  [1mBEGIN[0m
  [1m[35mSQL (25.6ms)[0m  INSERT INTO `categories` (`user_id`, `type`, `source`, `entry_date`, `description`, `amount`, `created_at`, `updated_at`) VALUES (1, 'Expenses', 'Groceries', '2015-10-13 00:00:00', '', 3000.0, '2015-10-19 11:13:06', '2015-10-19 11:13:06')
  [1m[36m (48.0ms)[0m  [1mCOMMIT[0m
Redirected to http://localhost:4000/categories?q=expenses
Completed 302 Found in 78ms (ActiveRecord: 73.7ms)


Started GET "/categories?q=expenses" for 127.0.0.1 at 2015-10-19 16:43:06 +0530
Processing by CategoriesController#index as HTML
  Parameters: {"q"=>"expenses"}
  [1m[35mUser Load (0.1ms)[0m  SELECT  `users`.* FROM `users` WHERE `users`.`id` = 1  ORDER BY `users`.`id` ASC LIMIT 1
  [1m[36mCategory Load (1.5ms)[0m  [1mSELECT `categories`.* FROM `categories` WHERE `categories`.`user_id` = 1 AND (Type='Expenses')[0m
  [1m[35m (0.4ms)[0m  SELECT SUM(`categories`.`amount`) FROM `categories` WHERE `categories`.`user_id` = 1 AND (Type='Expenses')
  Rendered categories/index.html.haml within layouts/application (6.2ms)
  Rendered layouts/_left_menu.html.haml (0.5ms)
Completed 200 OK in 66ms (Views: 61.7ms | ActiveRecord: 2.0ms)


Started GET "/my/path/js/jquery-1.10.2.min.js" for 127.0.0.1 at 2015-10-19 16:43:06 +0530

ActionController::RoutingError (No route matches [GET] "/my/path/js/jquery-1.10.2.min.js"):
  actionpack (4.2.1) lib/action_dispatch/middleware/debug_exceptions.rb:21:in `call'
  web-console (2.2.1) lib/web_console/middleware.rb:39:in `call'
  actionpack (4.2.1) lib/action_dispatch/middleware/show_exceptions.rb:30:in `call'
  railties (4.2.1) lib/rails/rack/logger.rb:38:in `call_app'
  railties (4.2.1) lib/rails/rack/logger.rb:20:in `block in call'
  activesupport (4.2.1) lib/active_support/tagged_logging.rb:68:in `block in tagged'
  activesupport (4.2.1) lib/active_support/tagged_logging.rb:26:in `tagged'
  activesupport (4.2.1) lib/active_support/tagged_logging.rb:68:in `tagged'
  railties (4.2.1) lib/rails/rack/logger.rb:20:in `call'
  actionpack (4.2.1) lib/action_dispatch/middleware/request_id.rb:21:in `call'
  rack (1.6.4) lib/rack/methodoverride.rb:22:in `call'
  rack (1.6.4) lib/rack/runtime.rb:18:in `call'
  activesupport (4.2.1) lib/active_support/cache/strategy/local_cache_middleware.rb:28:in `call'
  actionpack (4.2.1) lib/action_dispatch/middleware/static.rb:113:in `call'
  rack (1.6.4) lib/rack/sendfile.rb:113:in `call'
  railties (4.2.1) lib/rails/engine.rb:518:in `call'
  railties (4.2.1) lib/rails/application.rb:164:in `call'
  rack (1.6.4) lib/rack/lock.rb:17:in `call'
  rack (1.6.4) lib/rack/content_length.rb:15:in `call'
  rack (1.6.4) lib/rack/handler/webrick.rb:88:in `service'
  /home/chetan/.rvm/rubies/ruby-2.2.1/lib/ruby/2.2.0/webrick/httpserver.rb:138:in `service'
  /home/chetan/.rvm/rubies/ruby-2.2.1/lib/ruby/2.2.0/webrick/httpserver.rb:94:in `run'
  /home/chetan/.rvm/rubies/ruby-2.2.1/lib/ruby/2.2.0/webrick/server.rb:294:in `block in start_thread'


  Rendered /home/chetan/.rvm/gems/ruby-2.2.1/gems/actionpack-4.2.1/lib/action_dispatch/middleware/templates/rescues/_trace.html.erb (1.8ms)
  Rendered /home/chetan/.rvm/gems/ruby-2.2.1/gems/actionpack-4.2.1/lib/action_dispatch/middleware/templates/routes/_route.html.erb (2.8ms)
  Rendered /home/chetan/.rvm/gems/ruby-2.2.1/gems/actionpack-4.2.1/lib/action_dispatch/middleware/templates/routes/_table.html.erb (2.7ms)
  Rendered /home/chetan/.rvm/gems/ruby-2.2.1/gems/actionpack-4.2.1/lib/action_dispatch/middleware/templates/rescues/_request_and_response.html.erb (2.3ms)
  Rendered /home/chetan/.rvm/gems/ruby-2.2.1/gems/actionpack-4.2.1/lib/action_dispatch/middleware/templates/rescues/routing_error.html.erb within rescues/layout (56.5ms)
  Rendered /home/chetan/.rvm/gems/ruby-2.2.1/gems/web-console-2.2.1/lib/web_console/templates/_markup.html.erb (0.5ms)
  Rendered /home/chetan/.rvm/gems/ruby-2.2.1/gems/web-console-2.2.1/lib/web_console/templates/_inner_console_markup.html.erb within layouts/inlined_string (0.4ms)
  Rendered /home/chetan/.rvm/gems/ruby-2.2.1/gems/web-console-2.2.1/lib/web_console/templates/_prompt_box_markup.html.erb within layouts/inlined_string (0.4ms)
  Rendered /home/chetan/.rvm/gems/ruby-2.2.1/gems/web-console-2.2.1/lib/web_console/templates/style.css.erb within layouts/inlined_string (0.4ms)
  Rendered /home/chetan/.rvm/gems/ruby-2.2.1/gems/web-console-2.2.1/lib/web_console/templates/console.js.erb within layouts/javascript (25.8ms)
  Rendered /home/chetan/.rvm/gems/ruby-2.2.1/gems/web-console-2.2.1/lib/web_console/templates/main.js.erb within layouts/javascript (0.4ms)
  Rendered /home/chetan/.rvm/gems/ruby-2.2.1/gems/web-console-2.2.1/lib/web_console/templates/error_page.js.erb within layouts/javascript (0.8ms)
  Rendered /home/chetan/.rvm/gems/ruby-2.2.1/gems/web-console-2.2.1/lib/web_console/templates/index.html.erb (48.5ms)


Started GET "/my/path/js/jquery.ui.datepicker.min.js" for 127.0.0.1 at 2015-10-19 16:43:06 +0530

ActionController::RoutingError (No route matches [GET] "/my/path/js/jquery.ui.datepicker.min.js"):
  actionpack (4.2.1) lib/action_dispatch/middleware/debug_exceptions.rb:21:in `call'
  web-console (2.2.1) lib/web_console/middleware.rb:39:in `call'
  actionpack (4.2.1) lib/action_dispatch/middleware/show_exceptions.rb:30:in `call'
  railties (4.2.1) lib/rails/rack/logger.rb:38:in `call_app'
  railties (4.2.1) lib/rails/rack/logger.rb:20:in `block in call'
  activesupport (4.2.1) lib/active_support/tagged_logging.rb:68:in `block in tagged'
  activesupport (4.2.1) lib/active_support/tagged_logging.rb:26:in `tagged'
  activesupport (4.2.1) lib/active_support/tagged_logging.rb:68:in `tagged'
  railties (4.2.1) lib/rails/rack/logger.rb:20:in `call'
  actionpack (4.2.1) lib/action_dispatch/middleware/request_id.rb:21:in `call'
  rack (1.6.4) lib/rack/methodoverride.rb:22:in `call'
  rack (1.6.4) lib/rack/runtime.rb:18:in `call'
  activesupport (4.2.1) lib/active_support/cache/strategy/local_cache_middleware.rb:28:in `call'
  actionpack (4.2.1) lib/action_dispatch/middleware/static.rb:113:in `call'
  rack (1.6.4) lib/rack/sendfile.rb:113:in `call'
  railties (4.2.1) lib/rails/engine.rb:518:in `call'
  railties (4.2.1) lib/rails/application.rb:164:in `call'
  rack (1.6.4) lib/rack/lock.rb:17:in `call'
  rack (1.6.4) lib/rack/content_length.rb:15:in `call'
  rack (1.6.4) lib/rack/handler/webrick.rb:88:in `service'
  /home/chetan/.rvm/rubies/ruby-2.2.1/lib/ruby/2.2.0/webrick/httpserver.rb:138:in `service'
  /home/chetan/.rvm/rubies/ruby-2.2.1/lib/ruby/2.2.0/webrick/httpserver.rb:94:in `run'
  /home/chetan/.rvm/rubies/ruby-2.2.1/lib/ruby/2.2.0/webrick/server.rb:294:in `block in start_thread'


  Rendered /home/chetan/.rvm/gems/ruby-2.2.1/gems/actionpack-4.2.1/lib/action_dispatch/middleware/templates/rescues/_trace.html.erb (1.7ms)
  Rendered /home/chetan/.rvm/gems/ruby-2.2.1/gems/actionpack-4.2.1/lib/action_dispatch/middleware/templates/routes/_route.html.erb (2.7ms)
  Rendered /home/chetan/.rvm/gems/ruby-2.2.1/gems/actionpack-4.2.1/lib/action_dispatch/middleware/templates/routes/_table.html.erb (1.9ms)
  Rendered /home/chetan/.rvm/gems/ruby-2.2.1/gems/actionpack-4.2.1/lib/action_dispatch/middleware/templates/rescues/_request_and_response.html.erb (1.5ms)
  Rendered /home/chetan/.rvm/gems/ruby-2.2.1/gems/actionpack-4.2.1/lib/action_dispatch/middleware/templates/rescues/routing_error.html.erb within rescues/layout (40.4ms)
  Rendered /home/chetan/.rvm/gems/ruby-2.2.1/gems/web-console-2.2.1/lib/web_console/templates/_markup.html.erb (0.5ms)
  Rendered /home/chetan/.rvm/gems/ruby-2.2.1/gems/web-console-2.2.1/lib/web_console/templates/_inner_console_markup.html.erb within layouts/inlined_string (0.6ms)
  Rendered /home/chetan/.rvm/gems/ruby-2.2.1/gems/web-console-2.2.1/lib/web_console/templates/_prompt_box_markup.html.erb within layouts/inlined_string (0.4ms)
  Rendered /home/chetan/.rvm/gems/ruby-2.2.1/gems/web-console-2.2.1/lib/web_console/templates/style.css.erb within layouts/inlined_string (0.3ms)
  Rendered /home/chetan/.rvm/gems/ruby-2.2.1/gems/web-console-2.2.1/lib/web_console/templates/console.js.erb within layouts/javascript (21.7ms)
  Rendered /home/chetan/.rvm/gems/ruby-2.2.1/gems/web-console-2.2.1/lib/web_console/templates/main.js.erb within layouts/javascript (0.5ms)
  Rendered /home/chetan/.rvm/gems/ruby-2.2.1/gems/web-console-2.2.1/lib/web_console/templates/error_page.js.erb within layouts/javascript (0.5ms)
  Rendered /home/chetan/.rvm/gems/ruby-2.2.1/gems/web-console-2.2.1/lib/web_console/templates/index.html.erb (44.2ms)


Started GET "/categories/new" for 127.0.0.1 at 2015-10-19 16:43:08 +0530
Processing by CategoriesController#new as HTML
  [1m[36mUser Load (0.2ms)[0m  [1mSELECT  `users`.* FROM `users` WHERE `users`.`id` = 1  ORDER BY `users`.`id` ASC LIMIT 1[0m
  Rendered categories/_income_form.html.haml (2.8ms)
  Rendered categories/new.html.haml within layouts/application (4.2ms)
  Rendered layouts/_left_menu.html.haml (0.4ms)
Completed 200 OK in 63ms (Views: 62.5ms | ActiveRecord: 0.2ms)


Started GET "/categories?q=expenses" for 127.0.0.1 at 2015-10-19 16:43:10 +0530
Processing by CategoriesController#index as HTML
  Parameters: {"q"=>"expenses"}
  [1m[35mUser Load (0.1ms)[0m  SELECT  `users`.* FROM `users` WHERE `users`.`id` = 1  ORDER BY `users`.`id` ASC LIMIT 1
  [1m[36mCategory Load (0.1ms)[0m  [1mSELECT `categories`.* FROM `categories` WHERE `categories`.`user_id` = 1 AND (Type='Expenses')[0m
  [1m[35m (0.1ms)[0m  SELECT SUM(`categories`.`amount`) FROM `categories` WHERE `categories`.`user_id` = 1 AND (Type='Expenses')
  Rendered categories/index.html.haml within layouts/application (3.7ms)
  Rendered layouts/_left_menu.html.haml (0.4ms)
Completed 200 OK in 61ms (Views: 58.8ms | ActiveRecord: 0.4ms)


Started GET "/categories?q=income" for 127.0.0.1 at 2015-10-19 16:43:11 +0530
Processing by CategoriesController#index as HTML
  Parameters: {"q"=>"income"}
  [1m[36mUser Load (0.2ms)[0m  [1mSELECT  `users`.* FROM `users` WHERE `users`.`id` = 1  ORDER BY `users`.`id` ASC LIMIT 1[0m
  [1m[35mCategory Load (0.3ms)[0m  SELECT `categories`.* FROM `categories` WHERE `categories`.`user_id` = 1 AND (Type='Income')
  [1m[36m (0.2ms)[0m  [1mSELECT SUM(`categories`.`amount`) FROM `categories` WHERE `categories`.`user_id` = 1 AND (Type='Income')[0m
  Rendered categories/index.html.haml within layouts/application (3.4ms)
  Rendered layouts/_left_menu.html.haml (0.5ms)
Completed 200 OK in 67ms (Views: 64.6ms | ActiveRecord: 0.7ms)


Started GET "/categories?q=expenses" for 127.0.0.1 at 2015-10-19 16:43:13 +0530
Processing by CategoriesController#index as HTML
  Parameters: {"q"=>"expenses"}
  [1m[35mUser Load (0.1ms)[0m  SELECT  `users`.* FROM `users` WHERE `users`.`id` = 1  ORDER BY `users`.`id` ASC LIMIT 1
  [1m[36mCategory Load (0.1ms)[0m  [1mSELECT `categories`.* FROM `categories` WHERE `categories`.`user_id` = 1 AND (Type='Expenses')[0m
  [1m[35m (0.1ms)[0m  SELECT SUM(`categories`.`amount`) FROM `categories` WHERE `categories`.`user_id` = 1 AND (Type='Expenses')
  Rendered categories/index.html.haml within layouts/application (3.6ms)
  Rendered layouts/_left_menu.html.haml (0.4ms)
Completed 200 OK in 62ms (Views: 60.0ms | ActiveRecord: 0.4ms)


Started GET "/categories/new" for 127.0.0.1 at 2015-10-19 16:43:20 +0530
Processing by CategoriesController#new as HTML
  [1m[36mUser Load (0.1ms)[0m  [1mSELECT  `users`.* FROM `users` WHERE `users`.`id` = 1  ORDER BY `users`.`id` ASC LIMIT 1[0m
  Rendered categories/_income_form.html.haml (2.6ms)
  Rendered categories/new.html.haml within layouts/application (3.9ms)
  Rendered layouts/_left_menu.html.haml (0.4ms)
Completed 200 OK in 60ms (Views: 59.6ms | ActiveRecord: 0.1ms)


Started GET "/categories?q=income" for 127.0.0.1 at 2015-10-19 16:43:20 +0530
Processing by CategoriesController#index as HTML
  Parameters: {"q"=>"income"}
  [1m[35mUser Load (0.2ms)[0m  SELECT  `users`.* FROM `users` WHERE `users`.`id` = 1  ORDER BY `users`.`id` ASC LIMIT 1
  [1m[36mCategory Load (0.1ms)[0m  [1mSELECT `categories`.* FROM `categories` WHERE `categories`.`user_id` = 1 AND (Type='Income')[0m
  [1m[35m (0.1ms)[0m  SELECT SUM(`categories`.`amount`) FROM `categories` WHERE `categories`.`user_id` = 1 AND (Type='Income')
  Rendered categories/index.html.haml within layouts/application (3.1ms)
  Rendered layouts/_left_menu.html.haml (7.6ms)
Completed 200 OK in 66ms (Views: 63.7ms | ActiveRecord: 0.4ms)


Started GET "/categories?q=expenses" for 127.0.0.1 at 2015-10-19 16:43:21 +0530
Processing by CategoriesController#index as HTML
  Parameters: {"q"=>"expenses"}
  [1m[36mUser Load (0.1ms)[0m  [1mSELECT  `users`.* FROM `users` WHERE `users`.`id` = 1  ORDER BY `users`.`id` ASC LIMIT 1[0m
  [1m[35mCategory Load (0.1ms)[0m  SELECT `categories`.* FROM `categories` WHERE `categories`.`user_id` = 1 AND (Type='Expenses')
  [1m[36m (0.1ms)[0m  [1mSELECT SUM(`categories`.`amount`) FROM `categories` WHERE `categories`.`user_id` = 1 AND (Type='Expenses')[0m
  Rendered categories/index.html.haml within layouts/application (3.7ms)
  Rendered layouts/_left_menu.html.haml (0.5ms)
Completed 200 OK in 64ms (Views: 61.3ms | ActiveRecord: 0.4ms)


Started GET "/bank_statement" for 127.0.0.1 at 2015-10-19 16:43:22 +0530
Processing by CategoriesController#bank_statement as HTML
  [1m[35mUser Load (0.2ms)[0m  SELECT  `users`.* FROM `users` WHERE `users`.`id` = 1  ORDER BY `users`.`id` ASC LIMIT 1
  [1m[36m (0.4ms)[0m  [1mSELECT SUM(`categories`.`amount`) FROM `categories` WHERE `categories`.`user_id` = 1 AND (type ='Income')[0m
  [1m[35m (0.2ms)[0m  SELECT SUM(`categories`.`amount`) FROM `categories` WHERE `categories`.`user_id` = 1 AND (type ='Expenses' )
  [1m[36mCACHE (0.0ms)[0m  [1mSELECT SUM(`categories`.`amount`) FROM `categories` WHERE `categories`.`user_id` = 1 AND (type ='Income')[0m  [["user_id", 1]]
  [1m[35mCACHE (0.0ms)[0m  SELECT SUM(`categories`.`amount`) FROM `categories` WHERE `categories`.`user_id` = 1 AND (type ='Expenses' )  [["user_id", 1]]
  [1m[36mCACHE (0.0ms)[0m  [1mSELECT SUM(`categories`.`amount`) FROM `categories` WHERE `categories`.`user_id` = 1 AND (type ='Income')[0m  [["user_id", 1]]
  [1m[35mCACHE (0.0ms)[0m  SELECT SUM(`categories`.`amount`) FROM `categories` WHERE `categories`.`user_id` = 1 AND (type ='Expenses' )  [["user_id", 1]]
  Rendered categories/bank_statement.html.haml within layouts/application (8.4ms)
  Rendered layouts/_left_menu.html.haml (0.5ms)
Completed 200 OK in 65ms (Views: 63.2ms | ActiveRecord: 0.8ms)
